Arguments: 
  C:\Program Files\nodejs\node.exe C:\Users\Pache\AppData\Roaming\npm\node_modules\yarn\bin\yarn.js add --dev @types/typeorm

PATH: 
  C:\Users\Pache\bin;C:\Program Files\Git\mingw64\bin;C:\Program Files\Git\usr\local\bin;C:\Program Files\Git\usr\bin;C:\Program Files\Git\usr\bin;C:\Program Files\Git\mingw64\bin;C:\Program Files\Git\usr\bin;C:\Users\Pache\bin;C:\Windows\system32;C:\Windows;C:\Windows\System32\Wbem;C:\Windows\System32\WindowsPowerShell\v1.0;C:\Windows\System32\OpenSSH;C:\Program Files (x86)\NVIDIA Corporation\PhysX\Common;C:\Program Files\NVIDIA Corporation\NVIDIA NvDLISR;C:\Program Files\nodejs;C:\Program Files\Git\cmd;C:\Program Files\Microsoft SQL Server\Client SDK\ODBC\170\Tools\Binn;C:\Program Files (x86)\Microsoft SQL Server\150\Tools\Binn;C:\Program Files\Microsoft SQL Server\150\Tools\Binn;C:\Program Files\Microsoft SQL Server\150\DTS\Binn;C:\Program Files (x86)\Microsoft SQL Server\160\DTS\Binn;C:\Program Files\Azure Data Studio\bin;C:\Program Files\Docker\Docker\resources\bin;C:\Users\Pache\AppData\Local\Microsoft\WindowsApps;C:\Users\Pache\AppData\Local\Programs\Microsoft VS Code\bin;C:\Users\Pache\AppData\Roaming\npm;C:\Program Files\Azure Data Studio\bin;C:\Program Files\Git\usr\bin\vendor_perl;C:\Program Files\Git\usr\bin\core_perl

Yarn version: 
  1.22.19

Node version: 
  18.13.0

Platform: 
  win32 x64

Trace: 
  Error: https://registry.yarnpkg.com/@types%2ftypeorm: Not found
      at params.callback [as _callback] (C:\Users\Pache\AppData\Roaming\npm\node_modules\yarn\lib\cli.js:66145:18)
      at self.callback (C:\Users\Pache\AppData\Roaming\npm\node_modules\yarn\lib\cli.js:140890:22)
      at Request.emit (node:events:513:28)
      at Request.<anonymous> (C:\Users\Pache\AppData\Roaming\npm\node_modules\yarn\lib\cli.js:141862:10)
      at Request.emit (node:events:513:28)
      at IncomingMessage.<anonymous> (C:\Users\Pache\AppData\Roaming\npm\node_modules\yarn\lib\cli.js:141784:12)
      at Object.onceWrapper (node:events:627:28)
      at IncomingMessage.emit (node:events:525:35)
      at endReadableNT (node:internal/streams/readable:1359:12)
      at process.processTicksAndRejections (node:internal/process/task_queues:82:21)

npm manifest: 
  {
      "name": "library",
      "version": "1.0.0",
      "main": "index.js",
      "license": "MIT",
      "dependencies": {
          "@types/express": "^4.17.17",
          "@types/pg": "^8.6.6",
          "cors": "^2.8.5",
          "express": "^4.18.2",
          "pg": "^8.10.0",
          "reflect-metadata": "^0.1.13",
          "typeorm": "^0.3.15",
          "typescript": "*"
      },
      "devDependencies": {
          "@types/cors": "^2.8.13",
          "@types/dotenv": "^8.2.0",
          "@typescript-eslint/eslint-plugin": "^5.43.0",
          "dotenv": "^16.0.3",
          "eslint": "^8.0.1",
          "eslint-config-prettier": "^8.8.0",
          "eslint-config-standard-with-typescript": "^34.0.1",
          "eslint-import-resolver-typescript": "^3.5.5",
          "eslint-plugin-import": "^2.25.2",
          "eslint-plugin-import-helpers": "^1.3.1",
          "eslint-plugin-n": "^15.0.0",
          "eslint-plugin-prettier": "^4.2.1",
          "eslint-plugin-promise": "^6.0.0",
          "prettier": "^2.8.8"
      },
      "scripts": {
          "start": "node ./dist/server.js",
          "build": "npx tsc --watch",
          "dev": "ts-node-dev ./src/main/server.ts"
      }
  }

yarn manifest: 
  No manifest

Lockfile: 
  No lockfile
